15:42:29 - ERR - RegisterUser - (SyntaxError('error de sintaxis en o cerca de «%»\nLINE 1: ...ers (username, email, password, is_admin) VALUES (%s, %s, %s...\n                                                             ^\n'),)
15:42:29 - ERR - Register - (TypeError("internal_response() missing 1 required positional argument: 'mensaje'"),)
15:42:29 - ERR - post - (TypeError("internal_response() missing 1 required positional argument: 'mensaje'"),)
15:47:25 - ERR - RegisterUser - (InsufficientPrivilege('permiso denegado a la secuencia users_user_id_seq\n'),)
15:47:25 - ERR - Register - (TypeError("internal_response() missing 1 required positional argument: 'mensaje'"),)
15:47:25 - ERR - post - (TypeError("internal_response() missing 1 required positional argument: 'mensaje'"),)
15:48:43 - ERR - RegisterUser - (InsufficientPrivilege('permiso denegado a la secuencia users_user_id_seq\n'),)
15:48:43 - ERR - Register - (TypeError("internal_response() missing 1 required positional argument: 'mensaje'"),)
15:49:40 - ERR - RegisterUser - (InsufficientPrivilege('permiso denegado a la secuencia users_user_id_seq\n'),)
15:49:40 - ERR - Register - (TypeError("internal_response() missing 1 required positional argument: 'mensaje'"),)
15:54:21 - ERR - RegisterUser - (InsufficientPrivilege('permiso denegado a la secuencia users_user_id_seq\n'),)
15:54:21 - ERR - Register - (TypeError("internal_response() missing 1 required positional argument: 'mensaje'"),)
15:55:44 - ERR - RegisterUser - (InsufficientPrivilege('permiso denegado a la secuencia users_user_id_seq\n'),)
15:55:44 - ERR - Register - (TypeError("internal_response() missing 1 required positional argument: 'mensaje'"),)
16:07:18 - ERR - Register - (TypeError("internal_response() missing 1 required positional argument: 'mensaje'"),)
16:10:10 - ERR - Register - (TypeError("internal_response() missing 1 required positional argument: 'mensaje'"),)
17:40:10 - ERR - post - ("Error al validar el request -> {'login_user': ['Missing data for required field.'], 'login_password': ['Missing data for required field.']}",)
17:40:42 - ERR - post - ("Error al validar el request -> {'login_user': ['Missing data for required field.'], 'login_password': ['Missing data for required field.']}",)
19:16:40 - ERR - RegisterUser - (UniqueViolation('llave duplicada viola restricción de unicidad «users_username_key»\nDETAIL:  Ya existe la llave (username)=().\n'),)
19:30:24 - ERR - RegisterUser - (UniqueViolation('llave duplicada viola restricción de unicidad «users_username_key»\nDETAIL:  Ya existe la llave (username)=(Noelia).\n'),)
19:48:03 - ERR - post - ("Error al validar el request -> {'register_user': ['Missing data for required field.']}",)
19:48:16 - ERR - post - (<BadRequest '400: Bad Request'>,)
19:48:21 - ERR - RegisterUser - (UniqueViolation('llave duplicada viola restricción de unicidad «users_username_key»\nDETAIL:  Ya existe la llave (username)=().\n'),)
