13:51:10 - INF - <module> - ('Servicio Iniciado',)
13:51:11 - INF - <module> - ('Servicio Iniciado',)
13:59:22 - INF - post - ('Ejecutando servicio de Login',)
13:59:31 - INF - post - ('Ejecutando servicio de Login',)
14:00:18 - INF - post - ('Ejecutando servicio de Login',)
14:01:06 - INF - post - ('Ejecutando servicio de Login',)
14:01:16 - INF - post - ('Ejecutando servicio de Login',)
14:02:26 - INF - post - ('Ejecutando servicio de Login',)
14:03:03 - INF - <module> - ('Servicio Finalizado',)
14:03:03 - INF - <module> - ('Servicio Finalizado',)
14:13:22 - INF - <module> - ('Servicio Iniciado',)
14:13:23 - INF - <module> - ('Servicio Iniciado',)
14:14:00 - INF - post - ('Ejecutando servicio de Login',)
14:14:25 - INF - post - ('Ejecutando servicio de Login',)
14:14:43 - INF - get - ('Ejecutando servicio de Listar comentarios',)
14:15:17 - INF - get - ('Ejecutando servicio de Listar Posts',)
14:15:24 - INF - <module> - ('Servicio Finalizado',)
14:15:24 - INF - <module> - ('Servicio Finalizado',)
14:32:52 - INF - <module> - ('Servicio Iniciado',)
14:32:53 - INF - <module> - ('Servicio Iniciado',)
14:33:32 - INF - post - ('Ejecutando servicio de Login',)
14:33:47 - INF - get - ('Ejecutando servicio de Listar comentarios',)
14:33:59 - INF - get - ('Ejecutando servicio de Listar mensajes',)
14:34:35 - INF - get - ('Ejecutando servicio de Listar mensajes',)
14:35:12 - INF - <module> - ('Servicio Finalizado',)
14:35:12 - INF - <module> - ('Servicio Finalizado',)
14:43:37 - INF - <module> - ('Servicio Iniciado',)
14:43:38 - INF - <module> - ('Servicio Iniciado',)
14:44:07 - INF - post - ('Ejecutando servicio de Login',)
14:44:23 - INF - get - ('Ejecutando servicio de Listar comentarios',)
14:44:35 - INF - get - ('Ejecutando servicio de Listar Notificaciones',)
14:44:53 - INF - get - ('Ejecutando servicio de Listar Notificaciones',)
14:45:08 - INF - <module> - ('Servicio Finalizado',)
14:45:08 - INF - <module> - ('Servicio Finalizado',)
