02:44:07 - INF - <module> - ('Servicio Iniciado',)
02:44:08 - INF - <module> - ('Servicio Iniciado',)
02:46:44 - INF - post - ('Ejecutando servicio de Login',)
02:47:04 - INF - get - ('Ejecutando servicio de Listar Usuario',)
02:47:18 - INF - get - ('Ejecutando servicio de Listar Posts',)
02:48:59 - INF - get - ('Ejecutando servicio de Listar Posts',)
02:49:43 - INF - <module> - ('Servicio Finalizado',)
02:49:44 - INF - <module> - ('Servicio Iniciado',)
02:49:49 - INF - <module> - ('Servicio Finalizado',)
02:49:50 - INF - <module> - ('Servicio Iniciado',)
02:49:57 - INF - <module> - ('Servicio Finalizado',)
02:49:58 - INF - <module> - ('Servicio Iniciado',)
02:50:02 - INF - get - ('Ejecutando servicio de Listar Posts',)
02:52:24 - INF - <module> - ('Servicio Finalizado',)
02:52:24 - INF - <module> - ('Servicio Finalizado',)
13:34:54 - INF - <module> - ('Servicio Iniciado',)
13:34:55 - INF - <module> - ('Servicio Iniciado',)
13:40:20 - INF - post - ('Ejecutando servicio de Login',)
13:40:43 - INF - <module> - ('Servicio Finalizado',)
13:40:44 - INF - <module> - ('Servicio Iniciado',)
13:42:13 - INF - post - ('Ejecutando servicio de Login',)
13:42:32 - INF - get - ('Ejecutando servicio de Listar Usuario',)
13:43:20 - INF - <module> - ('Servicio Finalizado',)
13:43:20 - INF - <module> - ('Servicio Iniciado',)
13:43:30 - INF - get - ('Ejecutando servicio de Listar Usuario',)
13:43:51 - INF - <module> - ('Servicio Finalizado',)
13:43:52 - INF - <module> - ('Servicio Iniciado',)
13:44:03 - INF - <module> - ('Servicio Finalizado',)
13:44:03 - INF - <module> - ('Servicio Iniciado',)
13:44:18 - INF - get - ('Ejecutando servicio de Listar Usuario',)
13:44:38 - INF - <module> - ('Servicio Finalizado',)
13:44:39 - INF - <module> - ('Servicio Iniciado',)
13:45:05 - INF - post - ('Ejecutando servicio de Login',)
13:45:15 - INF - get - ('Ejecutando servicio de Listar Usuario',)
13:45:34 - INF - <module> - ('Servicio Finalizado',)
13:45:35 - INF - <module> - ('Servicio Iniciado',)
13:45:35 - INF - get - ('Ejecutando servicio de Listar Usuario',)
13:48:02 - INF - <module> - ('Servicio Finalizado',)
13:48:03 - INF - <module> - ('Servicio Iniciado',)
13:48:18 - INF - <module> - ('Servicio Finalizado',)
13:48:18 - INF - <module> - ('Servicio Iniciado',)
13:48:21 - INF - get - ('Ejecutando servicio de Listar Usuario',)
13:48:34 - INF - <module> - ('Servicio Finalizado',)
13:48:35 - INF - <module> - ('Servicio Iniciado',)
13:48:36 - INF - get - ('Ejecutando servicio de Listar Usuario',)
13:50:12 - INF - <module> - ('Servicio Finalizado',)
13:50:13 - INF - <module> - ('Servicio Iniciado',)
13:51:15 - INF - <module> - ('Servicio Finalizado',)
13:51:15 - INF - <module> - ('Servicio Iniciado',)
13:53:46 - INF - <module> - ('Servicio Finalizado',)
13:53:46 - INF - <module> - ('Servicio Iniciado',)
13:53:56 - INF - get - ('Ejecutando servicio de Listar Usuario',)
13:54:37 - INF - <module> - ('Servicio Finalizado',)
13:54:38 - INF - <module> - ('Servicio Iniciado',)
13:54:39 - INF - get - ('Ejecutando servicio de Listar Usuario',)
13:55:27 - INF - <module> - ('Servicio Finalizado',)
13:55:28 - INF - <module> - ('Servicio Iniciado',)
13:55:28 - INF - get - ('Ejecutando servicio de Listar Usuario',)
13:56:49 - INF - <module> - ('Servicio Finalizado',)
13:56:50 - INF - <module> - ('Servicio Iniciado',)
13:56:51 - INF - get - ('Ejecutando servicio de Listar Usuario',)
13:57:40 - INF - <module> - ('Servicio Finalizado',)
13:57:41 - INF - <module> - ('Servicio Iniciado',)
13:57:41 - INF - get - ('Ejecutando servicio de Listar Usuario',)
13:58:17 - INF - <module> - ('Servicio Finalizado',)
13:58:18 - INF - <module> - ('Servicio Iniciado',)
13:58:18 - INF - get - ('Ejecutando servicio de Listar Usuario',)
13:58:27 - INF - <module> - ('Servicio Finalizado',)
13:58:28 - INF - <module> - ('Servicio Iniciado',)
13:58:31 - INF - get - ('Ejecutando servicio de Listar Usuario',)
14:01:58 - INF - <module> - ('Servicio Finalizado',)
14:01:58 - INF - <module> - ('Servicio Iniciado',)
14:02:12 - INF - <module> - ('Servicio Finalizado',)
14:02:13 - INF - <module> - ('Servicio Iniciado',)
14:02:16 - INF - get - ('Ejecutando servicio de Listar Usuario',)
14:02:16 - INF - TokenValidate - ('Error al validar el token',)
14:02:21 - INF - post - ('Ejecutando servicio de Login',)
14:02:35 - INF - get - ('Ejecutando servicio de Listar Usuario',)
14:02:59 - INF - <module> - ('Servicio Finalizado',)
14:03:00 - INF - <module> - ('Servicio Iniciado',)
14:03:01 - INF - get - ('Ejecutando servicio de Listar Usuario',)
14:08:50 - INF - <module> - ('Servicio Finalizado',)
14:08:51 - INF - <module> - ('Servicio Iniciado',)
14:09:01 - INF - <module> - ('Servicio Finalizado',)
14:09:01 - INF - <module> - ('Servicio Iniciado',)
14:11:12 - INF - <module> - ('Servicio Finalizado',)
14:11:13 - INF - <module> - ('Servicio Iniciado',)
14:12:32 - INF - <module> - ('Servicio Finalizado',)
14:12:33 - INF - <module> - ('Servicio Iniciado',)
14:16:08 - INF - <module> - ('Servicio Finalizado',)
14:16:09 - INF - <module> - ('Servicio Iniciado',)
14:18:05 - INF - <module> - ('Servicio Finalizado',)
14:18:06 - INF - <module> - ('Servicio Iniciado',)
14:18:57 - INF - <module> - ('Servicio Finalizado',)
14:18:57 - INF - <module> - ('Servicio Iniciado',)
14:20:13 - INF - <module> - ('Servicio Finalizado',)
14:20:13 - INF - <module> - ('Servicio Iniciado',)
14:20:30 - INF - get - ('Ejecutando servicio de Listar Usuario',)
14:20:30 - INF - TokenValidate - ('Error al validar el token',)
14:21:33 - INF - post - ('Ejecutando servicio de Login',)
14:21:46 - INF - get - ('Ejecutando servicio de Listar Usuario',)
14:22:55 - INF - <module> - ('Servicio Finalizado',)
14:22:56 - INF - <module> - ('Servicio Iniciado',)
14:24:22 - INF - <module> - ('Servicio Finalizado',)
14:24:23 - INF - <module> - ('Servicio Iniciado',)
14:24:42 - INF - <module> - ('Servicio Finalizado',)
14:24:42 - INF - <module> - ('Servicio Iniciado',)
14:25:27 - INF - <module> - ('Servicio Finalizado',)
14:25:27 - INF - <module> - ('Servicio Iniciado',)
14:25:32 - INF - get - ('Ejecutando servicio de Listar Usuario',)
14:26:07 - INF - <module> - ('Servicio Finalizado',)
14:26:07 - INF - <module> - ('Servicio Iniciado',)
14:26:24 - INF - <module> - ('Servicio Finalizado',)
14:26:25 - INF - <module> - ('Servicio Iniciado',)
14:26:35 - INF - <module> - ('Servicio Finalizado',)
14:26:36 - INF - <module> - ('Servicio Iniciado',)
14:26:39 - INF - get - ('Ejecutando servicio de Listar Usuario',)
14:26:52 - INF - <module> - ('Servicio Finalizado',)
14:26:53 - INF - <module> - ('Servicio Iniciado',)
14:26:53 - INF - get - ('Ejecutando servicio de Listar Usuario',)
14:29:10 - INF - <module> - ('Servicio Finalizado',)
14:29:10 - INF - <module> - ('Servicio Iniciado',)
14:29:11 - INF - get - ('Ejecutando servicio de Listar Usuario',)
14:30:05 - INF - <module> - ('Servicio Finalizado',)
14:30:05 - INF - <module> - ('Servicio Iniciado',)
14:30:20 - INF - get - ('Ejecutando servicio de Listar Usuario',)
14:35:38 - INF - <module> - ('Servicio Finalizado',)
14:35:38 - INF - <module> - ('Servicio Finalizado',)
14:45:07 - INF - <module> - ('Servicio Iniciado',)
14:45:08 - INF - <module> - ('Servicio Iniciado',)
14:46:30 - INF - post - ('Ejecutando servicio de Login',)
14:46:46 - INF - get - ('Ejecutando servicio de Listar comentarios',)
14:49:45 - INF - <module> - ('Servicio Finalizado',)
14:49:46 - INF - <module> - ('Servicio Finalizado',)
14:55:44 - INF - <module> - ('Servicio Iniciado',)
14:55:45 - INF - <module> - ('Servicio Iniciado',)
14:57:34 - INF - <module> - ('Servicio Finalizado',)
14:57:34 - INF - <module> - ('Servicio Finalizado',)
14:57:38 - INF - <module> - ('Servicio Iniciado',)
14:57:38 - INF - <module> - ('Servicio Iniciado',)
14:58:19 - INF - post - ('Ejecutando servicio de Login',)
14:58:37 - INF - get - ('Ejecutando servicio de Listar Usuario',)
14:58:49 - INF - <module> - ('Servicio Finalizado',)
14:58:49 - INF - <module> - ('Servicio Iniciado',)
14:59:41 - INF - get - ('Ejecutando servicio de Listar Usuario',)
15:00:49 - INF - <module> - ('Servicio Finalizado',)
15:00:50 - INF - <module> - ('Servicio Iniciado',)
15:01:00 - INF - <module> - ('Servicio Finalizado',)
15:01:00 - INF - <module> - ('Servicio Iniciado',)
15:01:03 - INF - get - ('Ejecutando servicio de Listar Usuario',)
15:04:27 - INF - <module> - ('Servicio Finalizado',)
15:04:28 - INF - <module> - ('Servicio Iniciado',)
15:04:32 - INF - get - ('Ejecutando servicio de Listar Usuario',)
15:05:44 - INF - <module> - ('Servicio Finalizado',)
15:05:45 - INF - <module> - ('Servicio Iniciado',)
15:05:48 - INF - get - ('Ejecutando servicio de Listar Usuario',)
15:06:18 - INF - <module> - ('Servicio Finalizado',)
15:06:19 - INF - <module> - ('Servicio Iniciado',)
15:06:22 - INF - get - ('Ejecutando servicio de Listar Usuario',)
15:06:44 - INF - <module> - ('Servicio Finalizado',)
15:06:45 - INF - <module> - ('Servicio Iniciado',)
15:06:45 - INF - get - ('Ejecutando servicio de Listar Usuario',)
15:07:11 - INF - <module> - ('Servicio Finalizado',)
15:07:11 - INF - <module> - ('Servicio Finalizado',)
15:18:31 - INF - <module> - ('Servicio Iniciado',)
15:18:31 - INF - <module> - ('Servicio Iniciado',)
15:18:56 - INF - post - ('Ejecutando servicio de Login',)
15:19:14 - INF - <module> - ('Servicio Finalizado',)
15:19:14 - INF - <module> - ('Servicio Iniciado',)
15:19:16 - INF - get - ('Ejecutando servicio de Listar Usuario',)
15:19:25 - INF - <module> - ('Servicio Finalizado',)
15:19:26 - INF - <module> - ('Servicio Iniciado',)
15:19:27 - INF - get - ('Ejecutando servicio de Listar Usuario',)
15:21:42 - INF - <module> - ('Servicio Finalizado',)
15:21:43 - INF - <module> - ('Servicio Iniciado',)
15:21:59 - INF - get - ('Ejecutando servicio de Listar Posts',)
15:22:27 - INF - <module> - ('Servicio Finalizado',)
15:22:28 - INF - <module> - ('Servicio Iniciado',)
15:22:28 - INF - get - ('Ejecutando servicio de Listar Posts',)
15:26:07 - INF - <module> - ('Servicio Finalizado',)
15:26:08 - INF - <module> - ('Servicio Iniciado',)
15:26:10 - INF - get - ('Ejecutando servicio de Listar Posts',)
15:26:20 - INF - <module> - ('Servicio Finalizado',)
15:26:20 - INF - <module> - ('Servicio Finalizado',)
17:17:24 - INF - <module> - ('Servicio Iniciado',)
17:17:25 - INF - <module> - ('Servicio Iniciado',)
17:18:19 - INF - <module> - ('Servicio Finalizado',)
17:18:19 - INF - <module> - ('Servicio Finalizado',)
17:44:13 - INF - <module> - ('Servicio Iniciado',)
17:44:14 - INF - <module> - ('Servicio Iniciado',)
18:01:34 - INF - post - ('Ejecutando servicio de Login',)
18:02:17 - INF - post - ('Ejecutando servicio de Login',)
18:03:20 - INF - post - ('Ejecutando servicio de Login',)
18:10:23 - INF - post - ('Ejecutando servicio de Login',)
18:10:25 - INF - post - ('Ejecutando servicio de Login',)
18:11:49 - INF - post - ('Ejecutando servicio de Login',)
18:12:03 - INF - post - ('Ejecutando servicio de Login',)
18:12:11 - INF - post - ('Ejecutando servicio de Login',)
18:12:48 - INF - post - ('Ejecutando servicio de Login',)
18:13:14 - INF - post - ('Ejecutando servicio de Login',)
18:16:05 - INF - post - ('Ejecutando servicio de Login',)
18:16:09 - INF - post - ('Ejecutando servicio de Login',)
18:18:41 - INF - <module> - ('Servicio Finalizado',)
18:18:42 - INF - <module> - ('Servicio Finalizado',)
