19:01:53 - INF - <module> - ('Servicio Iniciado',)
19:01:55 - INF - <module> - ('Servicio Iniciado',)
19:06:22 - INF - <module> - ('Servicio Finalizado',)
19:06:22 - INF - <module> - ('Servicio Iniciado',)
19:06:34 - INF - <module> - ('Servicio Finalizado',)
19:06:34 - INF - <module> - ('Servicio Iniciado',)
19:06:43 - INF - post - ('Ejecutando servicio de Login',)
19:08:00 - INF - <module> - ('Servicio Finalizado',)
19:08:00 - INF - <module> - ('Servicio Iniciado',)
19:08:05 - INF - post - ('Ejecutando servicio de Login',)
19:10:20 - INF - post - ('Ejecutando servicio de Login',)
19:11:55 - INF - post - ('Ejecutando servicio de Login',)
19:20:31 - INF - <module> - ('Servicio Finalizado',)
19:20:32 - INF - <module> - ('Servicio Iniciado',)
19:20:38 - INF - post - ('Ejecutando servicio de Login',)
19:21:11 - INF - post - ('Ejecutando servicio de Login',)
19:21:23 - INF - post - ('Ejecutando servicio de Login',)
19:21:46 - INF - post - ('Ejecutando servicio de Login',)
19:22:19 - INF - get - ('Ejecutando servicio de Listar Usuario',)
19:22:19 - INF - TokenValidate - ('Error al validar el token',)
19:22:29 - INF - get - ('Ejecutando servicio de Listar Usuario',)
19:26:39 - INF - <module> - ('Servicio Finalizado',)
19:26:40 - INF - <module> - ('Servicio Iniciado',)
19:26:45 - INF - <module> - ('Servicio Finalizado',)
19:26:46 - INF - <module> - ('Servicio Iniciado',)
19:26:53 - INF - <module> - ('Servicio Finalizado',)
19:26:54 - INF - <module> - ('Servicio Iniciado',)
19:27:08 - INF - get - ('Ejecutando servicio de Listar Usuario',)
19:27:24 - INF - <module> - ('Servicio Finalizado',)
19:27:24 - INF - <module> - ('Servicio Finalizado',)
