17:20:17 - INF - <module> - ('Servicio Iniciado',)
17:20:18 - INF - <module> - ('Servicio Iniciado',)
17:21:27 - INF - <module> - ('Servicio Finalizado',)
17:21:27 - INF - <module> - ('Servicio Finalizado',)
17:23:46 - INF - <module> - ('Servicio Iniciado',)
17:23:46 - INF - <module> - ('Servicio Iniciado',)
17:27:35 - INF - post - ('Ejecutando servicio de Login',)
18:15:36 - INF - get - ('Ejecutando servicio de Listar Usuario',)
18:16:13 - INF - post - ('Ejecutando servicio de Login',)
18:21:11 - INF - post - ('Ejecutando servicio de Login',)
18:21:19 - INF - post - ('Ejecutando servicio de Login',)
18:24:00 - INF - post - ('Ejecutando servicio de Login',)
18:35:05 - INF - post - ('Ejecutando servicio de Login',)
18:35:26 - INF - post - ('Ejecutando servicio de Login',)
18:35:48 - INF - post - ('Ejecutando servicio de Login',)
18:48:24 - INF - get - ('Ejecutando servicio de Listar Usuario',)
18:53:31 - INF - <module> - ('Servicio Finalizado',)
18:53:31 - INF - <module> - ('Servicio Finalizado',)
20:04:04 - INF - <module> - ('Servicio Iniciado',)
20:04:05 - INF - <module> - ('Servicio Iniciado',)
20:13:40 - INF - <module> - ('Servicio Finalizado',)
20:13:40 - INF - <module> - ('Servicio Finalizado',)
21:13:56 - INF - <module> - ('Servicio Iniciado',)
21:13:57 - INF - <module> - ('Servicio Iniciado',)
21:14:54 - INF - post - ('Verifica Credenciales y Devuelve Datos del Usuario',)
21:16:17 - INF - <module> - ('Servicio Finalizado',)
21:16:17 - INF - <module> - ('Servicio Finalizado',)
21:16:20 - INF - <module> - ('Servicio Iniciado',)
21:16:21 - INF - <module> - ('Servicio Iniciado',)
21:16:49 - INF - post - ('Verifica Credenciales y Devuelve Datos del Usuario',)
21:17:48 - INF - <module> - ('Servicio Finalizado',)
21:17:49 - INF - <module> - ('Servicio Finalizado',)
