09:56:10 - INF - <module> - ('Servicio Iniciado',)
09:56:10 - INF - <module> - ('Servicio Iniciado',)
09:56:48 - INF - post - ('Servicio de Login Ejecutando',)
09:59:35 - INF - <module> - ('Servicio Finalizado',)
09:59:35 - INF - <module> - ('Servicio Finalizado',)
14:00:15 - INF - <module> - ('Servicio Iniciado',)
14:00:16 - INF - <module> - ('Servicio Iniciado',)
14:02:08 - INF - <module> - ('Servicio Finalizado',)
14:02:09 - INF - <module> - ('Servicio Iniciado',)
14:03:25 - INF - <module> - ('Servicio Finalizado',)
14:03:25 - INF - <module> - ('Servicio Iniciado',)
14:03:35 - INF - <module> - ('Servicio Finalizado',)
14:03:35 - INF - <module> - ('Servicio Iniciado',)
14:03:45 - INF - <module> - ('Servicio Finalizado',)
14:03:45 - INF - <module> - ('Servicio Iniciado',)
14:03:50 - INF - <module> - ('Servicio Finalizado',)
14:03:51 - INF - <module> - ('Servicio Iniciado',)
14:04:13 - INF - <module> - ('Servicio Finalizado',)
14:04:13 - INF - <module> - ('Servicio Iniciado',)
14:04:16 - INF - <module> - ('Servicio Finalizado',)
14:04:17 - INF - <module> - ('Servicio Iniciado',)
14:04:20 - INF - <module> - ('Servicio Finalizado',)
14:04:20 - INF - <module> - ('Servicio Iniciado',)
14:04:26 - INF - <module> - ('Servicio Finalizado',)
14:04:26 - INF - <module> - ('Servicio Finalizado',)
14:04:27 - INF - <module> - ('Servicio Iniciado',)
14:04:27 - INF - <module> - ('Servicio Iniciado',)
14:04:56 - INF - get - ('Servicio de Consulta de Usuarios Ejecutando',)
14:04:56 - INF - token_validate - ('Ocurrio un error al validar el token asdasd',)
14:05:13 - INF - <module> - ('Servicio Finalizado',)
14:05:13 - INF - <module> - ('Servicio Finalizado',)
16:33:36 - INF - <module> - ('Servicio Iniciado',)
16:33:36 - INF - <module> - ('Servicio Iniciado',)
16:33:56 - INF - get - ('Servicio de Consulta de Usuarios Ejecutando',)
16:33:56 - INF - token_validate - ('Ocurrio un error al validar el token adsdasdas',)
16:34:44 - INF - post - ('Servicio de Login Ejecutando',)
16:35:03 - INF - get - ('Servicio de Consulta de Usuarios Ejecutando',)
16:52:36 - INF - <module> - ('Servicio Finalizado',)
16:52:36 - INF - <module> - ('Servicio Finalizado',)
18:06:47 - INF - <module> - ('Servicio Iniciado',)
18:06:47 - INF - <module> - ('Servicio Iniciado',)
18:07:31 - INF - post - ('Servicio de Login Ejecutando',)
18:07:44 - INF - get - ('Servicio de Consulta de Usuarios Ejecutando',)
18:24:49 - INF - <module> - ('Servicio Finalizado',)
18:24:50 - INF - <module> - ('Servicio Finalizado',)
18:25:19 - INF - <module> - ('Servicio Iniciado',)
18:25:19 - INF - <module> - ('Servicio Iniciado',)
18:25:59 - INF - post - ('Servicio de Login Ejecutando',)
18:26:15 - INF - get - ('Servicio de Consulta de Usuarios Ejecutando',)
18:26:40 - INF - <module> - ('Servicio Finalizado',)
18:26:40 - INF - <module> - ('Servicio Finalizado',)
